# JRE version: OpenJDK Runtime Environment (8.0_152-b06) (build 1.8.0_152-release-1136-b06)
# Java VM: OpenJDK 64-Bit Server VM (25.152-b06 mixed mode windows-amd64 compressed oops)
Heap:
 PSYoungGen      total 496640K, used 474919K [0x00000000e0000000, 0x0000000100000000, 0x0000000100000000)
  eden space 471040K, 96% used [0x00000000e0000000,0x00000000fbcd8670,0x00000000fcc00000)
  from space 25600K, 75% used [0x00000000fe700000,0x00000000ff9f17e0,0x0000000100000000)
  to   space 26624K, 0% used [0x00000000fcc00000,0x00000000fcc00000,0x00000000fe600000)
 ParOldGen       total 131072K, used 60390K [0x00000000a0000000, 0x00000000a8000000, 0x00000000e0000000)
  object space 131072K, 46% used [0x00000000a0000000,0x00000000a3af9810,0x00000000a8000000)
 Metaspace       used 73628K, capacity 76522K, committed 76800K, reserved 1116160K
  class space    used 9769K, capacity 10371K, committed 10496K, reserved 1048576K
GC Heap History (10 events):
Event: 54.549 GC heap before
{Heap before GC invocations=29 (full 3):
 PSYoungGen      total 450560K, used 437209K [0x00000000e0000000, 0x00000000ffe00000, 0x0000000100000000)
  eden space 423424K, 100% used [0x00000000e0000000,0x00000000f9d80000,0x00000000f9d80000)
  from space 27136K, 50% used [0x00000000f9d80000,0x00000000faaf6430,0x00000000fb800000)
  to   space 26112K, 0% used [0x00000000fe480000,0x00000000fe480000,0x00000000ffe00000)
 ParOldGen       total 131072K, used 54378K [0x00000000a0000000, 0x00000000a8000000, 0x00000000e0000000)
  object space 131072K, 41% used [0x00000000a0000000,0x00000000a351a960,0x00000000a8000000)
 Metaspace       used 73412K, capacity 76246K, committed 76416K, reserved 1116160K
  class space    used 9761K, capacity 10367K, committed 10368K, reserved 1048576K
Event: 54.566 GC heap after
Heap after GC invocations=29 (full 3):
 PSYoungGen      total 491008K, used 12935K [0x00000000e0000000, 0x00000000ffb00000, 0x0000000100000000)
  eden space 467968K, 0% used [0x00000000e0000000,0x00000000e0000000,0x00000000fc900000)
  from space 23040K, 56% used [0x00000000fe480000,0x00000000ff121d60,0x00000000ffb00000)
  to   space 25600K, 0% used [0x00000000fc900000,0x00000000fc900000,0x00000000fe200000)
 ParOldGen       total 131072K, used 54386K [0x00000000a0000000, 0x00000000a8000000, 0x00000000e0000000)
  object space 131072K, 41% used [0x00000000a0000000,0x00000000a351c960,0x00000000a8000000)
 Metaspace       used 73412K, capacity 76246K, committed 76416K, reserved 1116160K
  class space    used 9761K, capacity 10367K, committed 10368K, reserved 1048576K
}
Event: 57.042 GC heap before
{Heap before GC invocations=30 (full 3):
 PSYoungGen      total 491008K, used 480903K [0x00000000e0000000, 0x00000000ffb00000, 0x0000000100000000)
  eden space 467968K, 100% used [0x00000000e0000000,0x00000000fc900000,0x00000000fc900000)
  from space 23040K, 56% used [0x00000000fe480000,0x00000000ff121d60,0x00000000ffb00000)
  to   space 25600K, 0% used [0x00000000fc900000,0x00000000fc900000,0x00000000fe200000)
 ParOldGen       total 131072K, used 54386K [0x00000000a0000000, 0x00000000a8000000, 0x00000000e0000000)
  object space 131072K, 41% used [0x00000000a0000000,0x00000000a351c960,0x00000000a8000000)
 Metaspace       used 73472K, capacity 76324K, committed 76544K, reserved 1116160K
  class space    used 9763K, capacity 10370K, committed 10496K, reserved 1048576K
Event: 57.062 GC heap after
Heap after GC invocations=30 (full 3):
 PSYoungGen      total 493568K, used 10306K [0x00000000e0000000, 0x0000000100000000, 0x0000000100000000)
  eden space 467968K, 0% used [0x00000000e0000000,0x00000000e0000000,0x00000000fc900000)
  from space 25600K, 40% used [0x00000000fc900000,0x00000000fd310bb0,0x00000000fe200000)
  to   space 25088K, 0% used [0x00000000fe780000,0x00000000fe780000,0x0000000100000000)
 ParOldGen       total 131072K, used 54394K [0x00000000a0000000, 0x00000000a8000000, 0x00000000e0000000)
  object space 131072K, 41% used [0x00000000a0000000,0x00000000a351e960,0x00000000a8000000)
 Metaspace       used 73472K, capacity 76324K, committed 76544K, reserved 1116160K
  class space    used 9763K, capacity 10370K, committed 10496K, reserved 1048576K
}
Event: 59.054 GC heap before
{Heap before GC invocations=31 (full 3):
 PSYoungGen      total 493568K, used 478274K [0x00000000e0000000, 0x0000000100000000, 0x0000000100000000)
  eden space 467968K, 100% used [0x00000000e0000000,0x00000000fc900000,0x00000000fc900000)
  from space 25600K, 40% used [0x00000000fc900000,0x00000000fd310bb0,0x00000000fe200000)
  to   space 25088K, 0% used [0x00000000fe780000,0x00000000fe780000,0x0000000100000000)
 ParOldGen       total 131072K, used 54394K [0x00000000a0000000, 0x00000000a8000000, 0x00000000e0000000)
  object space 131072K, 41% used [0x00000000a0000000,0x00000000a351e960,0x00000000a8000000)
 Metaspace       used 73505K, capacity 76388K, committed 76544K, reserved 1116160K
  class space    used 9763K, capacity 10370K, committed 10496K, reserved 1048576K
Event: 59.084 GC heap after
Heap after GC invocations=31 (full 3):
 PSYoungGen      total 498176K, used 17925K [0x00000000e0000000, 0x0000000100000000, 0x0000000100000000)
  eden space 473088K, 0% used [0x00000000e0000000,0x00000000e0000000,0x00000000fce00000)
  from space 25088K, 71% used [0x00000000fe780000,0x00000000ff9016d8,0x0000000100000000)
  to   space 25600K, 0% used [0x00000000fce00000,0x00000000fce00000,0x00000000fe700000)
 ParOldGen       total 131072K, used 54394K [0x00000000a0000000, 0x00000000a8000000, 0x00000000e0000000)
  object space 131072K, 41% used [0x00000000a0000000,0x00000000a351e960,0x00000000a8000000)
 Metaspace       used 73505K, capacity 76388K, committed 76544K, reserved 1116160K
  class space    used 9763K, capacity 10370K, committed 10496K, reserved 1048576K
}
Event: 61.058 GC heap before
{Heap before GC invocations=32 (full 3):
 PSYoungGen      total 498176K, used 491013K [0x00000000e0000000, 0x0000000100000000, 0x0000000100000000)
  eden space 473088K, 100% used [0x00000000e0000000,0x00000000fce00000,0x00000000fce00000)
  from space 25088K, 71% used [0x00000000fe780000,0x00000000ff9016d8,0x0000000100000000)
  to   space 25600K, 0% used [0x00000000fce00000,0x00000000fce00000,0x00000000fe700000)
 ParOldGen       total 131072K, used 54394K [0x00000000a0000000, 0x00000000a8000000, 0x00000000e0000000)
  object space 131072K, 41% used [0x00000000a0000000,0x00000000a351e960,0x00000000a8000000)
 Metaspace       used 73578K, capacity 76392K, committed 76544K, reserved 1116160K
  class space    used 9764K, capacity 10370K, committed 10496K, reserved 1048576K
Event: 61.083 GC heap after
Heap after GC invocations=32 (full 3):
 PSYoungGen      total 498688K, used 7699K [0x00000000e0000000, 0x0000000100000000, 0x0000000100000000)
  eden space 473088K, 0% used [0x00000000e0000000,0x00000000e0000000,0x00000000fce00000)
  from space 25600K, 30% used [0x00000000fce00000,0x00000000fd584da8,0x00000000fe700000)
  to   space 25600K, 0% used [0x00000000fe700000,0x00000000fe700000,0x0000000100000000)
 ParOldGen       total 131072K, used 59621K [0x00000000a0000000, 0x00000000a8000000, 0x00000000e0000000)
  object space 131072K, 45% used [0x00000000a0000000,0x00000000a3a397f0,0x00000000a8000000)
 Metaspace       used 73578K, capacity 76392K, committed 76544K, reserved 1116160K
  class space    used 9764K, capacity 10370K, committed 10496K, reserved 1048576K
}
Event: 62.802 GC heap before
{Heap before GC invocations=33 (full 3):
 PSYoungGen      total 498688K, used 480787K [0x00000000e0000000, 0x0000000100000000, 0x0000000100000000)
  eden space 473088K, 100% used [0x00000000e0000000,0x00000000fce00000,0x00000000fce00000)
  from space 25600K, 30% used [0x00000000fce00000,0x00000000fd584da8,0x00000000fe700000)
  to   space 25600K, 0% used [0x00000000fe700000,0x00000000fe700000,0x0000000100000000)
 ParOldGen       total 131072K, used 59621K [0x00000000a0000000, 0x00000000a8000000, 0x00000000e0000000)
  object space 131072K, 45% used [0x00000000a0000000,0x00000000a3a397f0,0x00000000a8000000)
 Metaspace       used 73592K, capacity 76394K, committed 76544K, reserved 1116160K
  class space    used 9765K, capacity 10371K, committed 10496K, reserved 1048576K
Event: 62.842 GC heap after
Heap after GC invocations=33 (full 3):
 PSYoungGen      total 496640K, used 19397K [0x00000000e0000000, 0x0000000100000000, 0x0000000100000000)
  eden space 471040K, 0% used [0x00000000e0000000,0x00000000e0000000,0x00000000fcc00000)
  from space 25600K, 75% used [0x00000000fe700000,0x00000000ff9f17e0,0x0000000100000000)
  to   space 26624K, 0% used [0x00000000fcc00000,0x00000000fcc00000,0x00000000fe600000)
 ParOldGen       total 131072K, used 60390K [0x00000000a0000000, 0x00000000a8000000, 0x00000000e0000000)
  object space 131072K, 46% used [0x00000000a0000000,0x00000000a3af9810,0x00000000a8000000)
 Metaspace       used 73592K, capacity 76394K, committed 76544K, reserved 1116160K
  class space    used 9765K, capacity 10371K, committed 10496K, reserved 1048576K
}

