# JRE version: OpenJDK Runtime Environment (8.0_152-b06) (build 1.8.0_152-release-1136-b06)
# Java VM: OpenJDK 64-Bit Server VM (25.152-b06 mixed mode windows-amd64 compressed oops)
Heap:
 PSYoungGen      total 316928K, used 121181K [0x00000000e0000000, 0x00000000f6700000, 0x0000000100000000)
  eden space 266240K, 43% used [0x00000000e0000000,0x00000000e71f9fa0,0x00000000f0400000)
  from space 50688K, 8% used [0x00000000f3580000,0x00000000f39dd488,0x00000000f6700000)
  to   space 50688K, 0% used [0x00000000f0400000,0x00000000f0400000,0x00000000f3580000)
 ParOldGen       total 269312K, used 151691K [0x00000000a0000000, 0x00000000b0700000, 0x00000000e0000000)
  object space 269312K, 56% used [0x00000000a0000000,0x00000000a9422e88,0x00000000b0700000)
 Metaspace       used 102542K, capacity 107306K, committed 107540K, reserved 1142784K
  class space    used 12871K, capacity 13970K, committed 14100K, reserved 1048576K
GC Heap History (10 events):
Event: 1844.778 GC heap before
{Heap before GC invocations=34 (full 4):
 PSYoungGen      total 244224K, used 216344K [0x00000000e0000000, 0x00000000f3e80000, 0x0000000100000000)
  eden space 188928K, 100% used [0x00000000e0000000,0x00000000eb880000,0x00000000eb880000)
  from space 55296K, 49% used [0x00000000eb880000,0x00000000ed346080,0x00000000eee80000)
  to   space 53760K, 0% used [0x00000000f0a00000,0x00000000f0a00000,0x00000000f3e80000)
 ParOldGen       total 269312K, used 133090K [0x00000000a0000000, 0x00000000b0700000, 0x00000000e0000000)
  object space 269312K, 49% used [0x00000000a0000000,0x00000000a81f8bb8,0x00000000b0700000)
 Metaspace       used 102042K, capacity 106706K, committed 106900K, reserved 1142784K
  class space    used 12843K, capacity 13934K, committed 13972K, reserved 1048576K
Event: 1845.035 GC heap after
Heap after GC invocations=34 (full 4):
 PSYoungGen      total 273920K, used 26063K [0x00000000e0000000, 0x00000000f4500000, 0x0000000100000000)
  eden space 220160K, 0% used [0x00000000e0000000,0x00000000e0000000,0x00000000ed700000)
  from space 53760K, 48% used [0x00000000f0a00000,0x00000000f2373f48,0x00000000f3e80000)
  to   space 52224K, 0% used [0x00000000ed700000,0x00000000ed700000,0x00000000f0a00000)
 ParOldGen       total 269312K, used 133098K [0x00000000a0000000, 0x00000000b0700000, 0x00000000e0000000)
  object space 269312K, 49% used [0x00000000a0000000,0x00000000a81fabb8,0x00000000b0700000)
 Metaspace       used 102042K, capacity 106706K, committed 106900K, reserved 1142784K
  class space    used 12843K, capacity 13934K, committed 13972K, reserved 1048576K
}
Event: 1846.648 GC heap before
{Heap before GC invocations=35 (full 4):
 PSYoungGen      total 273920K, used 246223K [0x00000000e0000000, 0x00000000f4500000, 0x0000000100000000)
  eden space 220160K, 100% used [0x00000000e0000000,0x00000000ed700000,0x00000000ed700000)
  from space 53760K, 48% used [0x00000000f0a00000,0x00000000f2373f48,0x00000000f3e80000)
  to   space 52224K, 0% used [0x00000000ed700000,0x00000000ed700000,0x00000000f0a00000)
 ParOldGen       total 269312K, used 133098K [0x00000000a0000000, 0x00000000b0700000, 0x00000000e0000000)
  object space 269312K, 49% used [0x00000000a0000000,0x00000000a81fabb8,0x00000000b0700000)
 Metaspace       used 102257K, capacity 107036K, committed 107284K, reserved 1142784K
  class space    used 12846K, capacity 13969K, committed 14100K, reserved 1048576K
Event: 1846.705 GC heap after
Heap after GC invocations=35 (full 4):
 PSYoungGen      total 272384K, used 29156K [0x00000000e0000000, 0x00000000f6780000, 0x0000000100000000)
  eden space 220160K, 0% used [0x00000000e0000000,0x00000000e0000000,0x00000000ed700000)
  from space 52224K, 55% used [0x00000000ed700000,0x00000000ef379238,0x00000000f0a00000)
  to   space 51200K, 0% used [0x00000000f3580000,0x00000000f3580000,0x00000000f6780000)
 ParOldGen       total 269312K, used 133106K [0x00000000a0000000, 0x00000000b0700000, 0x00000000e0000000)
  object space 269312K, 49% used [0x00000000a0000000,0x00000000a81fcbb8,0x00000000b0700000)
 Metaspace       used 102257K, capacity 107036K, committed 107284K, reserved 1142784K
  class space    used 12846K, capacity 13969K, committed 14100K, reserved 1048576K
}
Event: 1848.313 GC heap before
{Heap before GC invocations=36 (full 4):
 PSYoungGen      total 272384K, used 249316K [0x00000000e0000000, 0x00000000f6780000, 0x0000000100000000)
  eden space 220160K, 100% used [0x00000000e0000000,0x00000000ed700000,0x00000000ed700000)
  from space 52224K, 55% used [0x00000000ed700000,0x00000000ef379238,0x00000000f0a00000)
  to   space 51200K, 0% used [0x00000000f3580000,0x00000000f3580000,0x00000000f6780000)
 ParOldGen       total 269312K, used 133106K [0x00000000a0000000, 0x00000000b0700000, 0x00000000e0000000)
  object space 269312K, 49% used [0x00000000a0000000,0x00000000a81fcbb8,0x00000000b0700000)
 Metaspace       used 102282K, capacity 107100K, committed 107284K, reserved 1142784K
  class space    used 12846K, capacity 13969K, committed 14100K, reserved 1048576K
Event: 1848.375 GC heap after
Heap after GC invocations=36 (full 4):
 PSYoungGen      total 316928K, used 28937K [0x00000000e0000000, 0x00000000f6700000, 0x0000000100000000)
  eden space 266240K, 0% used [0x00000000e0000000,0x00000000e0000000,0x00000000f0400000)
  from space 50688K, 57% used [0x00000000f3580000,0x00000000f51c2678,0x00000000f6700000)
  to   space 50688K, 0% used [0x00000000f0400000,0x00000000f0400000,0x00000000f3580000)
 ParOldGen       total 269312K, used 133130K [0x00000000a0000000, 0x00000000b0700000, 0x00000000e0000000)
  object space 269312K, 49% used [0x00000000a0000000,0x00000000a8202bb8,0x00000000b0700000)
 Metaspace       used 102282K, capacity 107100K, committed 107284K, reserved 1142784K
  class space    used 12846K, capacity 13969K, committed 14100K, reserved 1048576K
}
Event: 1849.859 GC heap before
{Heap before GC invocations=37 (full 4):
 PSYoungGen      total 316928K, used 295177K [0x00000000e0000000, 0x00000000f6700000, 0x0000000100000000)
  eden space 266240K, 100% used [0x00000000e0000000,0x00000000f0400000,0x00000000f0400000)
  from space 50688K, 57% used [0x00000000f3580000,0x00000000f51c2678,0x00000000f6700000)
  to   space 50688K, 0% used [0x00000000f0400000,0x00000000f0400000,0x00000000f3580000)
 ParOldGen       total 269312K, used 133130K [0x00000000a0000000, 0x00000000b0700000, 0x00000000e0000000)
  object space 269312K, 49% used [0x00000000a0000000,0x00000000a8202bb8,0x00000000b0700000)
 Metaspace       used 102347K, capacity 107112K, committed 107284K, reserved 1142784K
  class space    used 12851K, capacity 13969K, committed 14100K, reserved 1048576K
Event: 1849.929 GC heap after
Heap after GC invocations=37 (full 4):
 PSYoungGen      total 316928K, used 22148K [0x00000000e0000000, 0x00000000f6700000, 0x0000000100000000)
  eden space 266240K, 0% used [0x00000000e0000000,0x00000000e0000000,0x00000000f0400000)
  from space 50688K, 43% used [0x00000000f0400000,0x00000000f19a1230,0x00000000f3580000)
  to   space 50688K, 0% used [0x00000000f3580000,0x00000000f3580000,0x00000000f6700000)
 ParOldGen       total 269312K, used 138029K [0x00000000a0000000, 0x00000000b0700000, 0x00000000e0000000)
  object space 269312K, 51% used [0x00000000a0000000,0x00000000a86cb5d8,0x00000000b0700000)
 Metaspace       used 102347K, capacity 107112K, committed 107284K, reserved 1142784K
  class space    used 12851K, capacity 13969K, committed 14100K, reserved 1048576K
}
Event: 1851.635 GC heap before
{Heap before GC invocations=38 (full 4):
 PSYoungGen      total 316928K, used 288388K [0x00000000e0000000, 0x00000000f6700000, 0x0000000100000000)
  eden space 266240K, 100% used [0x00000000e0000000,0x00000000f0400000,0x00000000f0400000)
  from space 50688K, 43% used [0x00000000f0400000,0x00000000f19a1230,0x00000000f3580000)
  to   space 50688K, 0% used [0x00000000f3580000,0x00000000f3580000,0x00000000f6700000)
 ParOldGen       total 269312K, used 138029K [0x00000000a0000000, 0x00000000b0700000, 0x00000000e0000000)
  object space 269312K, 51% used [0x00000000a0000000,0x00000000a86cb5d8,0x00000000b0700000)
 Metaspace       used 102527K, capacity 107306K, committed 107540K, reserved 1142784K
  class space    used 12871K, capacity 13970K, committed 14100K, reserved 1048576K
Event: 1851.669 GC heap after
Heap after GC invocations=38 (full 4):
 PSYoungGen      total 316928K, used 4469K [0x00000000e0000000, 0x00000000f6700000, 0x0000000100000000)
  eden space 266240K, 0% used [0x00000000e0000000,0x00000000e0000000,0x00000000f0400000)
  from space 50688K, 8% used [0x00000000f3580000,0x00000000f39dd488,0x00000000f6700000)
  to   space 50688K, 0% used [0x00000000f0400000,0x00000000f0400000,0x00000000f3580000)
 ParOldGen       total 269312K, used 151691K [0x00000000a0000000, 0x00000000b0700000, 0x00000000e0000000)
  object space 269312K, 56% used [0x00000000a0000000,0x00000000a9422e88,0x00000000b0700000)
 Metaspace       used 102527K, capacity 107306K, committed 107540K, reserved 1142784K
  class space    used 12871K, capacity 13970K, committed 14100K, reserved 1048576K
}

