# JRE version: OpenJDK Runtime Environment (8.0_152-b06) (build 1.8.0_152-release-1136-b06)
# Java VM: OpenJDK 64-Bit Server VM (25.152-b06 mixed mode windows-amd64 compressed oops)
Heap:
 PSYoungGen      total 343040K, used 273682K [0x00000000e0000000, 0x00000000fc180000, 0x0000000100000000)
  eden space 312320K, 87% used [0x00000000e0000000,0x00000000f0b44948,0x00000000f3100000)
  from space 30720K, 0% used [0x00000000f6780000,0x00000000f6780000,0x00000000f8580000)
  to   space 55808K, 0% used [0x00000000f3100000,0x00000000f3100000,0x00000000f6780000)
 ParOldGen       total 249856K, used 125367K [0x00000000a0000000, 0x00000000af400000, 0x00000000e0000000)
  object space 249856K, 50% used [0x00000000a0000000,0x00000000a7a6dc10,0x00000000af400000)
 Metaspace       used 87207K, capacity 89885K, committed 90112K, reserved 1128448K
  class space    used 11079K, capacity 11711K, committed 11776K, reserved 1048576K
GC Heap History (10 events):
Event: 39.516 GC heap before
{Heap before GC invocations=16 (full 3):
 PSYoungGen      total 235520K, used 216569K [0x00000000e0000000, 0x00000000efb00000, 0x0000000100000000)
  eden space 217600K, 99% used [0x00000000e0000000,0x00000000ed37e720,0x00000000ed480000)
  from space 17920K, 0% used [0x00000000ee580000,0x00000000ee580000,0x00000000ef700000)
  to   space 17408K, 0% used [0x00000000ed480000,0x00000000ed480000,0x00000000ee580000)
 ParOldGen       total 115712K, used 38544K [0x00000000a0000000, 0x00000000a7100000, 0x00000000e0000000)
  object space 115712K, 33% used [0x00000000a0000000,0x00000000a25a4248,0x00000000a7100000)
 Metaspace       used 59520K, capacity 61362K, committed 61440K, reserved 1101824K
  class space    used 7983K, capacity 8429K, committed 8448K, reserved 1048576K
Event: 39.591 GC heap after
Heap after GC invocations=16 (full 3):
 PSYoungGen      total 235008K, used 17390K [0x00000000e0000000, 0x00000000f4200000, 0x0000000100000000)
  eden space 217600K, 0% used [0x00000000e0000000,0x00000000e0000000,0x00000000ed480000)
  from space 17408K, 99% used [0x00000000ed480000,0x00000000ee57b878,0x00000000ee580000)
  to   space 23040K, 0% used [0x00000000f2b80000,0x00000000f2b80000,0x00000000f4200000)
 ParOldGen       total 115712K, used 48257K [0x00000000a0000000, 0x00000000a7100000, 0x00000000e0000000)
  object space 115712K, 41% used [0x00000000a0000000,0x00000000a2f20758,0x00000000a7100000)
 Metaspace       used 59520K, capacity 61362K, committed 61440K, reserved 1101824K
  class space    used 7983K, capacity 8429K, committed 8448K, reserved 1048576K
}
Event: 72.866 GC heap before
{Heap before GC invocations=17 (full 3):
 PSYoungGen      total 235008K, used 234990K [0x00000000e0000000, 0x00000000f4200000, 0x0000000100000000)
  eden space 217600K, 100% used [0x00000000e0000000,0x00000000ed480000,0x00000000ed480000)
  from space 17408K, 99% used [0x00000000ed480000,0x00000000ee57b878,0x00000000ee580000)
  to   space 23040K, 0% used [0x00000000f2b80000,0x00000000f2b80000,0x00000000f4200000)
 ParOldGen       total 115712K, used 48257K [0x00000000a0000000, 0x00000000a7100000, 0x00000000e0000000)
  object space 115712K, 41% used [0x00000000a0000000,0x00000000a2f20758,0x00000000a7100000)
 Metaspace       used 64624K, capacity 66744K, committed 66816K, reserved 1107968K
  class space    used 8412K, capacity 8926K, committed 8960K, reserved 1048576K
Event: 72.897 GC heap after
Heap after GC invocations=17 (full 3):
 PSYoungGen      total 287232K, used 12162K [0x00000000e0000000, 0x00000000f3800000, 0x0000000100000000)
  eden space 274432K, 0% used [0x00000000e0000000,0x00000000e0000000,0x00000000f0c00000)
  from space 12800K, 95% used [0x00000000f2b80000,0x00000000f3760930,0x00000000f3800000)
  to   space 22528K, 0% used [0x00000000f0c00000,0x00000000f0c00000,0x00000000f2200000)
 ParOldGen       total 115712K, used 60913K [0x00000000a0000000, 0x00000000a7100000, 0x00000000e0000000)
  object space 115712K, 52% used [0x00000000a0000000,0x00000000a3b7c7d8,0x00000000a7100000)
 Metaspace       used 64624K, capacity 66744K, committed 66816K, reserved 1107968K
  class space    used 8412K, capacity 8926K, committed 8960K, reserved 1048576K
}
Event: 88.254 GC heap before
{Heap before GC invocations=18 (full 3):
 PSYoungGen      total 287232K, used 282553K [0x00000000e0000000, 0x00000000f3800000, 0x0000000100000000)
  eden space 274432K, 98% used [0x00000000e0000000,0x00000000f080de68,0x00000000f0c00000)
  from space 12800K, 95% used [0x00000000f2b80000,0x00000000f3760930,0x00000000f3800000)
  to   space 22528K, 0% used [0x00000000f0c00000,0x00000000f0c00000,0x00000000f2200000)
 ParOldGen       total 115712K, used 60913K [0x00000000a0000000, 0x00000000a7100000, 0x00000000e0000000)
  object space 115712K, 52% used [0x00000000a0000000,0x00000000a3b7c7d8,0x00000000a7100000)
 Metaspace       used 75646K, capacity 77775K, committed 77952K, reserved 1116160K
  class space    used 9829K, capacity 10362K, committed 10368K, reserved 1048576K
Event: 88.300 GC heap after
Heap after GC invocations=18 (full 3):
 PSYoungGen      total 296960K, used 22508K [0x00000000e0000000, 0x00000000f8580000, 0x0000000100000000)
  eden space 274432K, 0% used [0x00000000e0000000,0x00000000e0000000,0x00000000f0c00000)
  from space 22528K, 99% used [0x00000000f0c00000,0x00000000f21fb018,0x00000000f2200000)
  to   space 30720K, 0% used [0x00000000f6780000,0x00000000f6780000,0x00000000f8580000)
 ParOldGen       total 115712K, used 73870K [0x00000000a0000000, 0x00000000a7100000, 0x00000000e0000000)
  object space 115712K, 63% used [0x00000000a0000000,0x00000000a4823998,0x00000000a7100000)
 Metaspace       used 75646K, capacity 77775K, committed 77952K, reserved 1116160K
  class space    used 9829K, capacity 10362K, committed 10368K, reserved 1048576K
}
Event: 92.913 GC heap before
{Heap before GC invocations=19 (full 3):
 PSYoungGen      total 296960K, used 296940K [0x00000000e0000000, 0x00000000f8580000, 0x0000000100000000)
  eden space 274432K, 100% used [0x00000000e0000000,0x00000000f0c00000,0x00000000f0c00000)
  from space 22528K, 99% used [0x00000000f0c00000,0x00000000f21fb018,0x00000000f2200000)
  to   space 30720K, 0% used [0x00000000f6780000,0x00000000f6780000,0x00000000f8580000)
 ParOldGen       total 115712K, used 73870K [0x00000000a0000000, 0x00000000a7100000, 0x00000000e0000000)
  object space 115712K, 63% used [0x00000000a0000000,0x00000000a4823998,0x00000000a7100000)
 Metaspace       used 78302K, capacity 80431K, committed 80512K, reserved 1120256K
  class space    used 10041K, capacity 10586K, committed 10624K, reserved 1048576K
Event: 93.042 GC heap after
Heap after GC invocations=19 (full 3):
 PSYoungGen      total 343040K, used 30711K [0x00000000e0000000, 0x00000000fc180000, 0x0000000100000000)
  eden space 312320K, 0% used [0x00000000e0000000,0x00000000e0000000,0x00000000f3100000)
  from space 30720K, 99% used [0x00000000f6780000,0x00000000f857de20,0x00000000f8580000)
  to   space 55808K, 0% used [0x00000000f3100000,0x00000000f3100000,0x00000000f6780000)
 ParOldGen       total 129536K, used 129508K [0x00000000a0000000, 0x00000000a7e80000, 0x00000000e0000000)
  object space 129536K, 99% used [0x00000000a0000000,0x00000000a7e790f8,0x00000000a7e80000)
 Metaspace       used 78302K, capacity 80431K, committed 80512K, reserved 1120256K
  class space    used 10041K, capacity 10586K, committed 10624K, reserved 1048576K
}
Event: 93.042 GC heap before
{Heap before GC invocations=20 (full 4):
 PSYoungGen      total 343040K, used 30711K [0x00000000e0000000, 0x00000000fc180000, 0x0000000100000000)
  eden space 312320K, 0% used [0x00000000e0000000,0x00000000e0000000,0x00000000f3100000)
  from space 30720K, 99% used [0x00000000f6780000,0x00000000f857de20,0x00000000f8580000)
  to   space 55808K, 0% used [0x00000000f3100000,0x00000000f3100000,0x00000000f6780000)
 ParOldGen       total 129536K, used 129508K [0x00000000a0000000, 0x00000000a7e80000, 0x00000000e0000000)
  object space 129536K, 99% used [0x00000000a0000000,0x00000000a7e790f8,0x00000000a7e80000)
 Metaspace       used 78302K, capacity 80431K, committed 80512K, reserved 1120256K
  class space    used 10041K, capacity 10586K, committed 10624K, reserved 1048576K
Event: 93.985 GC heap after
Heap after GC invocations=20 (full 4):
 PSYoungGen      total 343040K, used 0K [0x00000000e0000000, 0x00000000fc180000, 0x0000000100000000)
  eden space 312320K, 0% used [0x00000000e0000000,0x00000000e0000000,0x00000000f3100000)
  from space 30720K, 0% used [0x00000000f6780000,0x00000000f6780000,0x00000000f8580000)
  to   space 55808K, 0% used [0x00000000f3100000,0x00000000f3100000,0x00000000f6780000)
 ParOldGen       total 249856K, used 125367K [0x00000000a0000000, 0x00000000af400000, 0x00000000e0000000)
  object space 249856K, 50% used [0x00000000a0000000,0x00000000a7a6dc10,0x00000000af400000)
 Metaspace       used 78302K, capacity 80431K, committed 80512K, reserved 1120256K
  class space    used 10041K, capacity 10586K, committed 10624K, reserved 1048576K
}

