# JRE version: OpenJDK Runtime Environment (8.0_152-b06) (build 1.8.0_152-release-1136-b06)
# Java VM: OpenJDK 64-Bit Server VM (25.152-b06 mixed mode windows-amd64 compressed oops)
Heap:
 PSYoungGen      total 289280K, used 88072K [0x00000000e0000000, 0x00000000f8a80000, 0x0000000100000000)
  eden space 266752K, 33% used [0x00000000e0000000,0x00000000e5602398,0x00000000f0480000)
  from space 22528K, 0% used [0x00000000f0480000,0x00000000f0480000,0x00000000f1a80000)
  to   space 40448K, 0% used [0x00000000f6300000,0x00000000f6300000,0x00000000f8a80000)
 ParOldGen       total 215040K, used 99493K [0x00000000a0000000, 0x00000000ad200000, 0x00000000e0000000)
  object space 215040K, 46% used [0x00000000a0000000,0x00000000a6129720,0x00000000ad200000)
 Metaspace       used 74981K, capacity 77101K, committed 77312K, reserved 1116160K
  class space    used 9854K, capacity 10393K, committed 10496K, reserved 1048576K
GC Heap History (10 events):
Event: 25.426 GC heap before
{Heap before GC invocations=15 (full 3):
 PSYoungGen      total 239104K, used 9312K [0x00000000e0000000, 0x00000000f0500000, 0x0000000100000000)
  eden space 220672K, 0% used [0x00000000e0000000,0x00000000e0000000,0x00000000ed780000)
  from space 18432K, 50% used [0x00000000ee880000,0x00000000ef1983e8,0x00000000efa80000)
  to   space 17408K, 0% used [0x00000000ed780000,0x00000000ed780000,0x00000000ee880000)
 ParOldGen       total 68096K, used 34378K [0x00000000a0000000, 0x00000000a4280000, 0x00000000e0000000)
  object space 68096K, 50% used [0x00000000a0000000,0x00000000a21928d0,0x00000000a4280000)
 Metaspace       used 57115K, capacity 58900K, committed 59008K, reserved 1099776K
  class space    used 7787K, capacity 8231K, committed 8320K, reserved 1048576K
Event: 25.916 GC heap after
Heap after GC invocations=15 (full 3):
 PSYoungGen      total 239104K, used 0K [0x00000000e0000000, 0x00000000f0500000, 0x0000000100000000)
  eden space 220672K, 0% used [0x00000000e0000000,0x00000000e0000000,0x00000000ed780000)
  from space 18432K, 0% used [0x00000000ee880000,0x00000000ee880000,0x00000000efa80000)
  to   space 17408K, 0% used [0x00000000ed780000,0x00000000ed780000,0x00000000ee880000)
 ParOldGen       total 112128K, used 38377K [0x00000000a0000000, 0x00000000a6d80000, 0x00000000e0000000)
  object space 112128K, 34% used [0x00000000a0000000,0x00000000a257a628,0x00000000a6d80000)
 Metaspace       used 57115K, capacity 58900K, committed 59008K, reserved 1099776K
  class space    used 7787K, capacity 8231K, committed 8320K, reserved 1048576K
}
Event: 35.181 GC heap before
{Heap before GC invocations=16 (full 3):
 PSYoungGen      total 239104K, used 220672K [0x00000000e0000000, 0x00000000f0500000, 0x0000000100000000)
  eden space 220672K, 100% used [0x00000000e0000000,0x00000000ed780000,0x00000000ed780000)
  from space 18432K, 0% used [0x00000000ee880000,0x00000000ee880000,0x00000000efa80000)
  to   space 17408K, 0% used [0x00000000ed780000,0x00000000ed780000,0x00000000ee880000)
 ParOldGen       total 112128K, used 38377K [0x00000000a0000000, 0x00000000a6d80000, 0x00000000e0000000)
  object space 112128K, 34% used [0x00000000a0000000,0x00000000a257a628,0x00000000a6d80000)
 Metaspace       used 59917K, capacity 61814K, committed 62080K, reserved 1103872K
  class space    used 8047K, capacity 8521K, committed 8576K, reserved 1048576K
Event: 35.249 GC heap after
Heap after GC invocations=16 (full 3):
 PSYoungGen      total 238080K, used 17381K [0x00000000e0000000, 0x00000000f3780000, 0x0000000100000000)
  eden space 220672K, 0% used [0x00000000e0000000,0x00000000e0000000,0x00000000ed780000)
  from space 17408K, 99% used [0x00000000ed780000,0x00000000ee879478,0x00000000ee880000)
  to   space 22528K, 0% used [0x00000000f2180000,0x00000000f2180000,0x00000000f3780000)
 ParOldGen       total 112128K, used 45184K [0x00000000a0000000, 0x00000000a6d80000, 0x00000000e0000000)
  object space 112128K, 40% used [0x00000000a0000000,0x00000000a2c201a8,0x00000000a6d80000)
 Metaspace       used 59917K, capacity 61814K, committed 62080K, reserved 1103872K
  class space    used 8047K, capacity 8521K, committed 8576K, reserved 1048576K
}
Event: 55.501 GC heap before
{Heap before GC invocations=17 (full 3):
 PSYoungGen      total 238080K, used 238053K [0x00000000e0000000, 0x00000000f3780000, 0x0000000100000000)
  eden space 220672K, 100% used [0x00000000e0000000,0x00000000ed780000,0x00000000ed780000)
  from space 17408K, 99% used [0x00000000ed780000,0x00000000ee879478,0x00000000ee880000)
  to   space 22528K, 0% used [0x00000000f2180000,0x00000000f2180000,0x00000000f3780000)
 ParOldGen       total 112128K, used 45184K [0x00000000a0000000, 0x00000000a6d80000, 0x00000000e0000000)
  object space 112128K, 40% used [0x00000000a0000000,0x00000000a2c201a8,0x00000000a6d80000)
 Metaspace       used 67891K, capacity 69995K, committed 70272K, reserved 1110016K
  class space    used 9071K, capacity 9578K, committed 9600K, reserved 1048576K
Event: 55.565 GC heap after
Heap after GC invocations=17 (full 3):
 PSYoungGen      total 282112K, used 14620K [0x00000000e0000000, 0x00000000f3080000, 0x0000000100000000)
  eden space 266752K, 0% used [0x00000000e0000000,0x00000000e0000000,0x00000000f0480000)
  from space 15360K, 95% used [0x00000000f2180000,0x00000000f2fc73e8,0x00000000f3080000)
  to   space 22528K, 0% used [0x00000000f0480000,0x00000000f0480000,0x00000000f1a80000)
 ParOldGen       total 112128K, used 60840K [0x00000000a0000000, 0x00000000a6d80000, 0x00000000e0000000)
  object space 112128K, 54% used [0x00000000a0000000,0x00000000a3b6a140,0x00000000a6d80000)
 Metaspace       used 67891K, capacity 69995K, committed 70272K, reserved 1110016K
  class space    used 9071K, capacity 9578K, committed 9600K, reserved 1048576K
}
Event: 63.285 GC heap before
{Heap before GC invocations=18 (full 3):
 PSYoungGen      total 282112K, used 281372K [0x00000000e0000000, 0x00000000f3080000, 0x0000000100000000)
  eden space 266752K, 100% used [0x00000000e0000000,0x00000000f0480000,0x00000000f0480000)
  from space 15360K, 95% used [0x00000000f2180000,0x00000000f2fc73e8,0x00000000f3080000)
  to   space 22528K, 0% used [0x00000000f0480000,0x00000000f0480000,0x00000000f1a80000)
 ParOldGen       total 112128K, used 60840K [0x00000000a0000000, 0x00000000a6d80000, 0x00000000e0000000)
  object space 112128K, 54% used [0x00000000a0000000,0x00000000a3b6a140,0x00000000a6d80000)
 Metaspace       used 74186K, capacity 76333K, committed 76416K, reserved 1116160K
  class space    used 9779K, capacity 10329K, committed 10368K, reserved 1048576K
Event: 63.451 GC heap after
Heap after GC invocations=18 (full 3):
 PSYoungGen      total 289280K, used 22507K [0x00000000e0000000, 0x00000000f8a80000, 0x0000000100000000)
  eden space 266752K, 0% used [0x00000000e0000000,0x00000000e0000000,0x00000000f0480000)
  from space 22528K, 99% used [0x00000000f0480000,0x00000000f1a7ae60,0x00000000f1a80000)
  to   space 40448K, 0% used [0x00000000f6300000,0x00000000f6300000,0x00000000f8a80000)
 ParOldGen       total 112128K, used 99967K [0x00000000a0000000, 0x00000000a6d80000, 0x00000000e0000000)
  object space 112128K, 89% used [0x00000000a0000000,0x00000000a619ffe0,0x00000000a6d80000)
 Metaspace       used 74186K, capacity 76333K, committed 76416K, reserved 1116160K
  class space    used 9779K, capacity 10329K, committed 10368K, reserved 1048576K
}
Event: 63.451 GC heap before
{Heap before GC invocations=19 (full 4):
 PSYoungGen      total 289280K, used 22507K [0x00000000e0000000, 0x00000000f8a80000, 0x0000000100000000)
  eden space 266752K, 0% used [0x00000000e0000000,0x00000000e0000000,0x00000000f0480000)
  from space 22528K, 99% used [0x00000000f0480000,0x00000000f1a7ae60,0x00000000f1a80000)
  to   space 40448K, 0% used [0x00000000f6300000,0x00000000f6300000,0x00000000f8a80000)
 ParOldGen       total 112128K, used 99967K [0x00000000a0000000, 0x00000000a6d80000, 0x00000000e0000000)
  object space 112128K, 89% used [0x00000000a0000000,0x00000000a619ffe0,0x00000000a6d80000)
 Metaspace       used 74186K, capacity 76333K, committed 76416K, reserved 1116160K
  class space    used 9779K, capacity 10329K, committed 10368K, reserved 1048576K
Event: 64.263 GC heap after
Heap after GC invocations=19 (full 4):
 PSYoungGen      total 289280K, used 0K [0x00000000e0000000, 0x00000000f8a80000, 0x0000000100000000)
  eden space 266752K, 0% used [0x00000000e0000000,0x00000000e0000000,0x00000000f0480000)
  from space 22528K, 0% used [0x00000000f0480000,0x00000000f0480000,0x00000000f1a80000)
  to   space 40448K, 0% used [0x00000000f6300000,0x00000000f6300000,0x00000000f8a80000)
 ParOldGen       total 215040K, used 99493K [0x00000000a0000000, 0x00000000ad200000, 0x00000000e0000000)
  object space 215040K, 46% used [0x00000000a0000000,0x00000000a6129720,0x00000000ad200000)
 Metaspace       used 74186K, capacity 76333K, committed 76416K, reserved 1116160K
  class space    used 9779K, capacity 10329K, committed 10368K, reserved 1048576K
}

