# JRE version: OpenJDK Runtime Environment (8.0_152-b06) (build 1.8.0_152-release-1136-b06)
# Java VM: OpenJDK 64-Bit Server VM (25.152-b06 mixed mode windows-amd64 compressed oops)
Heap:
 PSYoungGen      total 38400K, used 15190K [0x00000000d5d00000, 0x00000000d9380000, 0x0000000100000000)
  eden space 33280K, 30% used [0x00000000d5d00000,0x00000000d66d6738,0x00000000d7d80000)
  from space 5120K, 99% used [0x00000000d7d80000,0x00000000d827f430,0x00000000d8280000)
  to   space 5120K, 0% used [0x00000000d8e80000,0x00000000d8e80000,0x00000000d9380000)
 ParOldGen       total 65536K, used 11417K [0x0000000081600000, 0x0000000085600000, 0x00000000d5d00000)
  object space 65536K, 17% used [0x0000000081600000,0x00000000821264c8,0x0000000085600000)
 Metaspace       used 21503K, capacity 21965K, committed 22144K, reserved 1071104K
  class space    used 2759K, capacity 2893K, committed 2944K, reserved 1048576K
GC Heap History (8 events):
Event: 2.752 GC heap before
{Heap before GC invocations=1 (full 0):
 PSYoungGen      total 38400K, used 33280K [0x00000000d5d00000, 0x00000000d8780000, 0x0000000100000000)
  eden space 33280K, 100% used [0x00000000d5d00000,0x00000000d7d80000,0x00000000d7d80000)
  from space 5120K, 0% used [0x00000000d8280000,0x00000000d8280000,0x00000000d8780000)
  to   space 5120K, 0% used [0x00000000d7d80000,0x00000000d7d80000,0x00000000d8280000)
 ParOldGen       total 87552K, used 0K [0x0000000081600000, 0x0000000086b80000, 0x00000000d5d00000)
  object space 87552K, 0% used [0x0000000081600000,0x0000000081600000,0x0000000086b80000)
 Metaspace       used 9263K, capacity 10004K, committed 10112K, reserved 1058816K
  class space    used 1045K, capacity 1104K, committed 1152K, reserved 1048576K
Event: 2.762 GC heap after
Heap after GC invocations=1 (full 0):
 PSYoungGen      total 38400K, used 5093K [0x00000000d5d00000, 0x00000000d8780000, 0x0000000100000000)
  eden space 33280K, 0% used [0x00000000d5d00000,0x00000000d5d00000,0x00000000d7d80000)
  from space 5120K, 99% used [0x00000000d7d80000,0x00000000d82796f8,0x00000000d8280000)
  to   space 5120K, 0% used [0x00000000d8280000,0x00000000d8280000,0x00000000d8780000)
 ParOldGen       total 87552K, used 3189K [0x0000000081600000, 0x0000000086b80000, 0x00000000d5d00000)
  object space 87552K, 3% used [0x0000000081600000,0x000000008191d7e8,0x0000000086b80000)
 Metaspace       used 9263K, capacity 10004K, committed 10112K, reserved 1058816K
  class space    used 1045K, capacity 1104K, committed 1152K, reserved 1048576K
}
Event: 3.699 GC heap before
{Heap before GC invocations=2 (full 0):
 PSYoungGen      total 38400K, used 32784K [0x00000000d5d00000, 0x00000000d8780000, 0x0000000100000000)
  eden space 33280K, 83% used [0x00000000d5d00000,0x00000000d780a990,0x00000000d7d80000)
  from space 5120K, 99% used [0x00000000d7d80000,0x00000000d82796f8,0x00000000d8280000)
  to   space 5120K, 0% used [0x00000000d8280000,0x00000000d8280000,0x00000000d8780000)
 ParOldGen       total 87552K, used 3189K [0x0000000081600000, 0x0000000086b80000, 0x00000000d5d00000)
  object space 87552K, 3% used [0x0000000081600000,0x000000008191d7e8,0x0000000086b80000)
 Metaspace       used 15990K, capacity 16246K, committed 16384K, reserved 1069056K
  class space    used 1902K, capacity 1995K, committed 2048K, reserved 1048576K
Event: 3.709 GC heap after
Heap after GC invocations=2 (full 0):
 PSYoungGen      total 38400K, used 5107K [0x00000000d5d00000, 0x00000000d8780000, 0x0000000100000000)
  eden space 33280K, 0% used [0x00000000d5d00000,0x00000000d5d00000,0x00000000d7d80000)
  from space 5120K, 99% used [0x00000000d8280000,0x00000000d877cef8,0x00000000d8780000)
  to   space 5120K, 0% used [0x00000000d7d80000,0x00000000d7d80000,0x00000000d8280000)
 ParOldGen       total 87552K, used 7254K [0x0000000081600000, 0x0000000086b80000, 0x00000000d5d00000)
  object space 87552K, 8% used [0x0000000081600000,0x0000000081d15b18,0x0000000086b80000)
 Metaspace       used 15990K, capacity 16246K, committed 16384K, reserved 1069056K
  class space    used 1902K, capacity 1995K, committed 2048K, reserved 1048576K
}
Event: 3.709 GC heap before
{Heap before GC invocations=3 (full 1):
 PSYoungGen      total 38400K, used 5107K [0x00000000d5d00000, 0x00000000d8780000, 0x0000000100000000)
  eden space 33280K, 0% used [0x00000000d5d00000,0x00000000d5d00000,0x00000000d7d80000)
  from space 5120K, 99% used [0x00000000d8280000,0x00000000d877cef8,0x00000000d8780000)
  to   space 5120K, 0% used [0x00000000d7d80000,0x00000000d7d80000,0x00000000d8280000)
 ParOldGen       total 87552K, used 7254K [0x0000000081600000, 0x0000000086b80000, 0x00000000d5d00000)
  object space 87552K, 8% used [0x0000000081600000,0x0000000081d15b18,0x0000000086b80000)
 Metaspace       used 15990K, capacity 16246K, committed 16384K, reserved 1069056K
  class space    used 1902K, capacity 1995K, committed 2048K, reserved 1048576K
Event: 3.742 GC heap after
Heap after GC invocations=3 (full 1):
 PSYoungGen      total 38400K, used 0K [0x00000000d5d00000, 0x00000000d8780000, 0x0000000100000000)
  eden space 33280K, 0% used [0x00000000d5d00000,0x00000000d5d00000,0x00000000d7d80000)
  from space 5120K, 0% used [0x00000000d8280000,0x00000000d8280000,0x00000000d8780000)
  to   space 5120K, 0% used [0x00000000d7d80000,0x00000000d7d80000,0x00000000d8280000)
 ParOldGen       total 65536K, used 8908K [0x0000000081600000, 0x0000000085600000, 0x00000000d5d00000)
  object space 65536K, 13% used [0x0000000081600000,0x0000000081eb3158,0x0000000085600000)
 Metaspace       used 15990K, capacity 16246K, committed 16384K, reserved 1067008K
  class space    used 1902K, capacity 1995K, committed 2048K, reserved 1048576K
}
Event: 15.134 GC heap before
{Heap before GC invocations=4 (full 1):
 PSYoungGen      total 38400K, used 33280K [0x00000000d5d00000, 0x00000000d8780000, 0x0000000100000000)
  eden space 33280K, 100% used [0x00000000d5d00000,0x00000000d7d80000,0x00000000d7d80000)
  from space 5120K, 0% used [0x00000000d8280000,0x00000000d8280000,0x00000000d8780000)
  to   space 5120K, 0% used [0x00000000d7d80000,0x00000000d7d80000,0x00000000d8280000)
 ParOldGen       total 65536K, used 8908K [0x0000000081600000, 0x0000000085600000, 0x00000000d5d00000)
  object space 65536K, 13% used [0x0000000081600000,0x0000000081eb3158,0x0000000085600000)
 Metaspace       used 21311K, capacity 21706K, committed 21888K, reserved 1071104K
  class space    used 2748K, capacity 2893K, committed 2944K, reserved 1048576K
Event: 15.142 GC heap after
Heap after GC invocations=4 (full 1):
 PSYoungGen      total 38400K, used 5117K [0x00000000d5d00000, 0x00000000d9380000, 0x0000000100000000)
  eden space 33280K, 0% used [0x00000000d5d00000,0x00000000d5d00000,0x00000000d7d80000)
  from space 5120K, 99% used [0x00000000d7d80000,0x00000000d827f430,0x00000000d8280000)
  to   space 5120K, 0% used [0x00000000d8e80000,0x00000000d8e80000,0x00000000d9380000)
 ParOldGen       total 65536K, used 11417K [0x0000000081600000, 0x0000000085600000, 0x00000000d5d00000)
  object space 65536K, 17% used [0x0000000081600000,0x00000000821264c8,0x0000000085600000)
 Metaspace       used 21311K, capacity 21706K, committed 21888K, reserved 1071104K
  class space    used 2748K, capacity 2893K, committed 2944K, reserved 1048576K
}

