# JRE version: OpenJDK Runtime Environment (8.0_152-b06) (build 1.8.0_152-release-1136-b06)
# Java VM: OpenJDK 64-Bit Server VM (25.152-b06 mixed mode windows-amd64 compressed oops)
Heap:
 PSYoungGen      total 235008K, used 167991K [0x00000000e0000000, 0x00000000f0700000, 0x0000000100000000)
  eden space 215040K, 72% used [0x00000000e0000000,0x00000000e98eaaf8,0x00000000ed200000)
  from space 19968K, 57% used [0x00000000ef380000,0x00000000efea3460,0x00000000f0700000)
  to   space 27136K, 0% used [0x00000000ed200000,0x00000000ed200000,0x00000000eec80000)
 ParOldGen       total 137728K, used 67079K [0x00000000a0000000, 0x00000000a8680000, 0x00000000e0000000)
  object space 137728K, 48% used [0x00000000a0000000,0x00000000a4181cc0,0x00000000a8680000)
 Metaspace       used 78386K, capacity 81436K, committed 81840K, reserved 1120256K
  class space    used 10316K, capacity 11085K, committed 11184K, reserved 1048576K
GC Heap History (10 events):
Event: 22.172 GC heap before
{Heap before GC invocations=15 (full 3):
 PSYoungGen      total 177152K, used 16874K [0x00000000e0000000, 0x00000000ee800000, 0x0000000100000000)
  eden space 160256K, 0% used [0x00000000e0000000,0x00000000e0000000,0x00000000e9c80000)
  from space 16896K, 99% used [0x00000000eb200000,0x00000000ec27abf0,0x00000000ec280000)
  to   space 22016K, 0% used [0x00000000e9c80000,0x00000000e9c80000,0x00000000eb200000)
 ParOldGen       total 87040K, used 31593K [0x00000000a0000000, 0x00000000a5500000, 0x00000000e0000000)
  object space 87040K, 36% used [0x00000000a0000000,0x00000000a1eda440,0x00000000a5500000)
 Metaspace       used 57225K, capacity 59108K, committed 59160K, reserved 1099776K
  class space    used 7859K, capacity 8345K, committed 8368K, reserved 1048576K
Event: 22.535 GC heap after
Heap after GC invocations=15 (full 3):
 PSYoungGen      total 177152K, used 0K [0x00000000e0000000, 0x00000000ee800000, 0x0000000100000000)
  eden space 160256K, 0% used [0x00000000e0000000,0x00000000e0000000,0x00000000e9c80000)
  from space 16896K, 0% used [0x00000000eb200000,0x00000000eb200000,0x00000000ec280000)
  to   space 22016K, 0% used [0x00000000e9c80000,0x00000000e9c80000,0x00000000eb200000)
 ParOldGen       total 137728K, used 39606K [0x00000000a0000000, 0x00000000a8680000, 0x00000000e0000000)
  object space 137728K, 28% used [0x00000000a0000000,0x00000000a26ad890,0x00000000a8680000)
 Metaspace       used 57225K, capacity 59108K, committed 59160K, reserved 1099776K
  class space    used 7859K, capacity 8345K, committed 8368K, reserved 1048576K
}
Event: 24.045 GC heap before
{Heap before GC invocations=16 (full 3):
 PSYoungGen      total 177152K, used 160256K [0x00000000e0000000, 0x00000000ee800000, 0x0000000100000000)
  eden space 160256K, 100% used [0x00000000e0000000,0x00000000e9c80000,0x00000000e9c80000)
  from space 16896K, 0% used [0x00000000eb200000,0x00000000eb200000,0x00000000ec280000)
  to   space 22016K, 0% used [0x00000000e9c80000,0x00000000e9c80000,0x00000000eb200000)
 ParOldGen       total 137728K, used 39606K [0x00000000a0000000, 0x00000000a8680000, 0x00000000e0000000)
  object space 137728K, 28% used [0x00000000a0000000,0x00000000a26ad890,0x00000000a8680000)
 Metaspace       used 60616K, capacity 62890K, committed 63024K, reserved 1103872K
  class space    used 8377K, capacity 8984K, committed 9008K, reserved 1048576K
Event: 24.071 GC heap after
Heap after GC invocations=16 (full 3):
 PSYoungGen      total 182272K, used 17755K [0x00000000e0000000, 0x00000000eec00000, 0x0000000100000000)
  eden space 160256K, 0% used [0x00000000e0000000,0x00000000e0000000,0x00000000e9c80000)
  from space 22016K, 80% used [0x00000000e9c80000,0x00000000eadd6ed8,0x00000000eb200000)
  to   space 23552K, 0% used [0x00000000ed500000,0x00000000ed500000,0x00000000eec00000)
 ParOldGen       total 137728K, used 39614K [0x00000000a0000000, 0x00000000a8680000, 0x00000000e0000000)
  object space 137728K, 28% used [0x00000000a0000000,0x00000000a26af890,0x00000000a8680000)
 Metaspace       used 60616K, capacity 62890K, committed 63024K, reserved 1103872K
  class space    used 8377K, capacity 8984K, committed 9008K, reserved 1048576K
}
Event: 31.627 GC heap before
{Heap before GC invocations=17 (full 3):
 PSYoungGen      total 182272K, used 178011K [0x00000000e0000000, 0x00000000eec00000, 0x0000000100000000)
  eden space 160256K, 100% used [0x00000000e0000000,0x00000000e9c80000,0x00000000e9c80000)
  from space 22016K, 80% used [0x00000000e9c80000,0x00000000eadd6ed8,0x00000000eb200000)
  to   space 23552K, 0% used [0x00000000ed500000,0x00000000ed500000,0x00000000eec00000)
 ParOldGen       total 137728K, used 39614K [0x00000000a0000000, 0x00000000a8680000, 0x00000000e0000000)
  object space 137728K, 28% used [0x00000000a0000000,0x00000000a26af890,0x00000000a8680000)
 Metaspace       used 67845K, capacity 70039K, committed 70320K, reserved 1110016K
  class space    used 9221K, capacity 9806K, committed 9904K, reserved 1048576K
Event: 31.663 GC heap after
Heap after GC invocations=17 (full 3):
 PSYoungGen      total 212480K, used 23548K [0x00000000e0000000, 0x00000000ef280000, 0x0000000100000000)
  eden space 188928K, 0% used [0x00000000e0000000,0x00000000e0000000,0x00000000eb880000)
  from space 23552K, 99% used [0x00000000ed500000,0x00000000eebff390,0x00000000eec00000)
  to   space 29184K, 0% used [0x00000000eb880000,0x00000000eb880000,0x00000000ed500000)
 ParOldGen       total 137728K, used 45129K [0x00000000a0000000, 0x00000000a8680000, 0x00000000e0000000)
  object space 137728K, 32% used [0x00000000a0000000,0x00000000a2c12680,0x00000000a8680000)
 Metaspace       used 67845K, capacity 70039K, committed 70320K, reserved 1110016K
  class space    used 9221K, capacity 9806K, committed 9904K, reserved 1048576K
}
Event: 39.701 GC heap before
{Heap before GC invocations=18 (full 3):
 PSYoungGen      total 212480K, used 212476K [0x00000000e0000000, 0x00000000ef280000, 0x0000000100000000)
  eden space 188928K, 100% used [0x00000000e0000000,0x00000000eb880000,0x00000000eb880000)
  from space 23552K, 99% used [0x00000000ed500000,0x00000000eebff390,0x00000000eec00000)
  to   space 29184K, 0% used [0x00000000eb880000,0x00000000eb880000,0x00000000ed500000)
 ParOldGen       total 137728K, used 45129K [0x00000000a0000000, 0x00000000a8680000, 0x00000000e0000000)
  object space 137728K, 32% used [0x00000000a0000000,0x00000000a2c12680,0x00000000a8680000)
 Metaspace       used 73121K, capacity 76045K, committed 76336K, reserved 1116160K
  class space    used 9757K, capacity 10447K, committed 10544K, reserved 1048576K
Event: 39.759 GC heap after
Heap after GC invocations=18 (full 3):
 PSYoungGen      total 218112K, used 14635K [0x00000000e0000000, 0x00000000f0f00000, 0x0000000100000000)
  eden space 188928K, 0% used [0x00000000e0000000,0x00000000e0000000,0x00000000eb880000)
  from space 29184K, 50% used [0x00000000eb880000,0x00000000ec6cad30,0x00000000ed500000)
  to   space 28160K, 0% used [0x00000000ef380000,0x00000000ef380000,0x00000000f0f00000)
 ParOldGen       total 137728K, used 67071K [0x00000000a0000000, 0x00000000a8680000, 0x00000000e0000000)
  object space 137728K, 48% used [0x00000000a0000000,0x00000000a417fcc0,0x00000000a8680000)
 Metaspace       used 73121K, capacity 76045K, committed 76336K, reserved 1116160K
  class space    used 9757K, capacity 10447K, committed 10544K, reserved 1048576K
}
Event: 79.004 GC heap before
{Heap before GC invocations=19 (full 3):
 PSYoungGen      total 218112K, used 203563K [0x00000000e0000000, 0x00000000f0f00000, 0x0000000100000000)
  eden space 188928K, 100% used [0x00000000e0000000,0x00000000eb880000,0x00000000eb880000)
  from space 29184K, 50% used [0x00000000eb880000,0x00000000ec6cad30,0x00000000ed500000)
  to   space 28160K, 0% used [0x00000000ef380000,0x00000000ef380000,0x00000000f0f00000)
 ParOldGen       total 137728K, used 67071K [0x00000000a0000000, 0x00000000a8680000, 0x00000000e0000000)
  object space 137728K, 48% used [0x00000000a0000000,0x00000000a417fcc0,0x00000000a8680000)
 Metaspace       used 76487K, capacity 79547K, committed 79792K, reserved 1118208K
  class space    used 10104K, capacity 10852K, committed 10928K, reserved 1048576K
Event: 79.027 GC heap after
Heap after GC invocations=19 (full 3):
 PSYoungGen      total 235008K, used 11405K [0x00000000e0000000, 0x00000000f0700000, 0x0000000100000000)
  eden space 215040K, 0% used [0x00000000e0000000,0x00000000e0000000,0x00000000ed200000)
  from space 19968K, 57% used [0x00000000ef380000,0x00000000efea3460,0x00000000f0700000)
  to   space 27136K, 0% used [0x00000000ed200000,0x00000000ed200000,0x00000000eec80000)
 ParOldGen       total 137728K, used 67079K [0x00000000a0000000, 0x00000000a8680000, 0x00000000e0000000)
  object space 137728K, 48% used [0x00000000a0000000,0x00000000a4181cc0,0x00000000a8680000)
 Metaspace       used 76487K, capacity 79547K, committed 79792K, reserved 1118208K
  class space    used 10104K, capacity 10852K, committed 10928K, reserved 1048576K
}

