# JRE version: OpenJDK Runtime Environment (8.0_152-b06) (build 1.8.0_152-release-1136-b06)
# Java VM: OpenJDK 64-Bit Server VM (25.152-b06 mixed mode windows-amd64 compressed oops)
Heap:
 PSYoungGen      total 433664K, used 235133K [0x00000000e0000000, 0x0000000100000000, 0x0000000100000000)
  eden space 375808K, 47% used [0x00000000e0000000,0x00000000ead22bf0,0x00000000f6f00000)
  from space 57856K, 99% used [0x00000000f6f00000,0x00000000fa77cbc8,0x00000000fa780000)
  to   space 73728K, 0% used [0x00000000fb800000,0x00000000fb800000,0x0000000100000000)
 ParOldGen       total 174592K, used 33240K [0x00000000a0000000, 0x00000000aaa80000, 0x00000000e0000000)
  object space 174592K, 19% used [0x00000000a0000000,0x00000000a2076348,0x00000000aaa80000)
 Metaspace       used 64236K, capacity 66406K, committed 66648K, reserved 1107968K
  class space    used 7304K, capacity 7752K, committed 7808K, reserved 1048576K
GC Heap History (10 events):
Event: 2991.065 GC heap before
{Heap before GC invocations=20 (full 4):
 PSYoungGen      total 335872K, used 335867K [0x00000000e0000000, 0x00000000ff100000, 0x0000000100000000)
  eden space 287744K, 100% used [0x00000000e0000000,0x00000000f1900000,0x00000000f1900000)
  from space 48128K, 99% used [0x00000000f1900000,0x00000000f47fec78,0x00000000f4800000)
  to   space 60416K, 0% used [0x00000000fb600000,0x00000000fb600000,0x00000000ff100000)
 ParOldGen       total 174592K, used 58737K [0x00000000a0000000, 0x00000000aaa80000, 0x00000000e0000000)
  object space 174592K, 33% used [0x00000000a0000000,0x00000000a395c5d8,0x00000000aaa80000)
 Metaspace       used 62802K, capacity 64798K, committed 64984K, reserved 1105920K
  class space    used 7217K, capacity 7654K, committed 7680K, reserved 1048576K
Event: 2991.272 GC heap after
Heap after GC invocations=20 (full 4):
 PSYoungGen      total 418816K, used 23228K [0x00000000e0000000, 0x00000000fdf00000, 0x0000000100000000)
  eden space 376832K, 0% used [0x00000000e0000000,0x00000000e0000000,0x00000000f7000000)
  from space 41984K, 55% used [0x00000000fb600000,0x00000000fccaf238,0x00000000fdf00000)
  to   space 56832K, 0% used [0x00000000f7000000,0x00000000f7000000,0x00000000fa780000)
 ParOldGen       total 174592K, used 106698K [0x00000000a0000000, 0x00000000aaa80000, 0x00000000e0000000)
  object space 174592K, 61% used [0x00000000a0000000,0x00000000a68328e0,0x00000000aaa80000)
 Metaspace       used 62802K, capacity 64798K, committed 64984K, reserved 1105920K
  class space    used 7217K, capacity 7654K, committed 7680K, reserved 1048576K
}
Event: 3635.458 GC heap before
{Heap before GC invocations=21 (full 4):
 PSYoungGen      total 418816K, used 39483K [0x00000000e0000000, 0x00000000fdf00000, 0x0000000100000000)
  eden space 376832K, 4% used [0x00000000e0000000,0x00000000e0fdfcc0,0x00000000f7000000)
  from space 41984K, 55% used [0x00000000fb600000,0x00000000fccaf238,0x00000000fdf00000)
  to   space 56832K, 0% used [0x00000000f7000000,0x00000000f7000000,0x00000000fa780000)
 ParOldGen       total 174592K, used 106698K [0x00000000a0000000, 0x00000000aaa80000, 0x00000000e0000000)
  object space 174592K, 61% used [0x00000000a0000000,0x00000000a68328e0,0x00000000aaa80000)
 Metaspace       used 62867K, capacity 64798K, committed 64984K, reserved 1105920K
  class space    used 7217K, capacity 7654K, committed 7680K, reserved 1048576K
Event: 3635.502 GC heap after
Heap after GC invocations=21 (full 4):
 PSYoungGen      total 433664K, used 551K [0x00000000e0000000, 0x00000000fdf00000, 0x0000000100000000)
  eden space 376832K, 0% used [0x00000000e0000000,0x00000000e0000000,0x00000000f7000000)
  from space 56832K, 0% used [0x00000000f7000000,0x00000000f7089c20,0x00000000fa780000)
  to   space 56832K, 0% used [0x00000000fa780000,0x00000000fa780000,0x00000000fdf00000)
 ParOldGen       total 174592K, used 111806K [0x00000000a0000000, 0x00000000aaa80000, 0x00000000e0000000)
  object space 174592K, 64% used [0x00000000a0000000,0x00000000a6d2fbb0,0x00000000aaa80000)
 Metaspace       used 62867K, capacity 64798K, committed 64984K, reserved 1105920K
  class space    used 7217K, capacity 7654K, committed 7680K, reserved 1048576K
}
Event: 3635.502 GC heap before
{Heap before GC invocations=22 (full 5):
 PSYoungGen      total 433664K, used 551K [0x00000000e0000000, 0x00000000fdf00000, 0x0000000100000000)
  eden space 376832K, 0% used [0x00000000e0000000,0x00000000e0000000,0x00000000f7000000)
  from space 56832K, 0% used [0x00000000f7000000,0x00000000f7089c20,0x00000000fa780000)
  to   space 56832K, 0% used [0x00000000fa780000,0x00000000fa780000,0x00000000fdf00000)
 ParOldGen       total 174592K, used 111806K [0x00000000a0000000, 0x00000000aaa80000, 0x00000000e0000000)
  object space 174592K, 64% used [0x00000000a0000000,0x00000000a6d2fbb0,0x00000000aaa80000)
 Metaspace       used 62867K, capacity 64798K, committed 64984K, reserved 1105920K
  class space    used 7217K, capacity 7654K, committed 7680K, reserved 1048576K
Event: 3635.752 GC heap after
Heap after GC invocations=22 (full 5):
 PSYoungGen      total 433664K, used 0K [0x00000000e0000000, 0x00000000fdf00000, 0x0000000100000000)
  eden space 376832K, 0% used [0x00000000e0000000,0x00000000e0000000,0x00000000f7000000)
  from space 56832K, 0% used [0x00000000f7000000,0x00000000f7000000,0x00000000fa780000)
  to   space 56832K, 0% used [0x00000000fa780000,0x00000000fa780000,0x00000000fdf00000)
 ParOldGen       total 174592K, used 17005K [0x00000000a0000000, 0x00000000aaa80000, 0x00000000e0000000)
  object space 174592K, 9% used [0x00000000a0000000,0x00000000a109b608,0x00000000aaa80000)
 Metaspace       used 61339K, capacity 63032K, committed 64984K, reserved 1105920K
  class space    used 7021K, capacity 7409K, committed 7680K, reserved 1048576K
}
Event: 4286.457 GC heap before
{Heap before GC invocations=23 (full 5):
 PSYoungGen      total 433664K, used 376832K [0x00000000e0000000, 0x00000000fdf00000, 0x0000000100000000)
  eden space 376832K, 100% used [0x00000000e0000000,0x00000000f7000000,0x00000000f7000000)
  from space 56832K, 0% used [0x00000000f7000000,0x00000000f7000000,0x00000000fa780000)
  to   space 56832K, 0% used [0x00000000fa780000,0x00000000fa780000,0x00000000fdf00000)
 ParOldGen       total 174592K, used 17005K [0x00000000a0000000, 0x00000000aaa80000, 0x00000000e0000000)
  object space 174592K, 9% used [0x00000000a0000000,0x00000000a109b608,0x00000000aaa80000)
 Metaspace       used 63163K, capacity 65184K, committed 65240K, reserved 1107968K
  class space    used 7200K, capacity 7629K, committed 7680K, reserved 1048576K
Event: 4286.532 GC heap after
Heap after GC invocations=23 (full 5):
 PSYoungGen      total 432640K, used 32609K [0x00000000e0000000, 0x0000000100000000, 0x0000000100000000)
  eden space 375808K, 0% used [0x00000000e0000000,0x00000000e0000000,0x00000000f6f00000)
  from space 56832K, 57% used [0x00000000fa780000,0x00000000fc758760,0x00000000fdf00000)
  to   space 57856K, 0% used [0x00000000f6f00000,0x00000000f6f00000,0x00000000fa780000)
 ParOldGen       total 174592K, used 17013K [0x00000000a0000000, 0x00000000aaa80000, 0x00000000e0000000)
  object space 174592K, 9% used [0x00000000a0000000,0x00000000a109d608,0x00000000aaa80000)
 Metaspace       used 63163K, capacity 65184K, committed 65240K, reserved 1107968K
  class space    used 7200K, capacity 7629K, committed 7680K, reserved 1048576K
}
Event: 4432.670 GC heap before
{Heap before GC invocations=24 (full 5):
 PSYoungGen      total 432640K, used 408417K [0x00000000e0000000, 0x0000000100000000, 0x0000000100000000)
  eden space 375808K, 100% used [0x00000000e0000000,0x00000000f6f00000,0x00000000f6f00000)
  from space 56832K, 57% used [0x00000000fa780000,0x00000000fc758760,0x00000000fdf00000)
  to   space 57856K, 0% used [0x00000000f6f00000,0x00000000f6f00000,0x00000000fa780000)
 ParOldGen       total 174592K, used 17013K [0x00000000a0000000, 0x00000000aaa80000, 0x00000000e0000000)
  object space 174592K, 9% used [0x00000000a0000000,0x00000000a109d608,0x00000000aaa80000)
 Metaspace       used 63556K, capacity 65576K, committed 65752K, reserved 1107968K
  class space    used 7236K, capacity 7671K, committed 7680K, reserved 1048576K
Event: 4432.832 GC heap after
Heap after GC invocations=24 (full 5):
 PSYoungGen      total 433664K, used 57842K [0x00000000e0000000, 0x0000000100000000, 0x0000000100000000)
  eden space 375808K, 0% used [0x00000000e0000000,0x00000000e0000000,0x00000000f6f00000)
  from space 57856K, 99% used [0x00000000f6f00000,0x00000000fa77cbc8,0x00000000fa780000)
  to   space 73728K, 0% used [0x00000000fb800000,0x00000000fb800000,0x0000000100000000)
 ParOldGen       total 174592K, used 33240K [0x00000000a0000000, 0x00000000aaa80000, 0x00000000e0000000)
  object space 174592K, 19% used [0x00000000a0000000,0x00000000a2076348,0x00000000aaa80000)
 Metaspace       used 63556K, capacity 65576K, committed 65752K, reserved 1107968K
  class space    used 7236K, capacity 7671K, committed 7680K, reserved 1048576K
}

