# JRE version: OpenJDK Runtime Environment (8.0_152-b06) (build 1.8.0_152-release-1136-b06)
# Java VM: OpenJDK 64-Bit Server VM (25.152-b06 mixed mode windows-amd64 compressed oops)
Heap:
 PSYoungGen      total 377344K, used 97759K [0x00000000e0000000, 0x00000000fb480000, 0x0000000100000000)
  eden space 317952K, 12% used [0x00000000e0000000,0x00000000e257be58,0x00000000f3680000)
  from space 59392K, 99% used [0x00000000f3680000,0x00000000f707c0b8,0x00000000f7080000)
  to   space 52224K, 0% used [0x00000000f7080000,0x00000000f7080000,0x00000000fa380000)
 ParOldGen       total 250368K, used 123950K [0x00000000a0000000, 0x00000000af480000, 0x00000000e0000000)
  object space 250368K, 49% used [0x00000000a0000000,0x00000000a790bb80,0x00000000af480000)
 Metaspace       used 97321K, capacity 101230K, committed 101504K, reserved 1136640K
  class space    used 12390K, capacity 13347K, committed 13440K, reserved 1048576K
GC Heap History (10 events):
Event: 273.484 GC heap before
{Heap before GC invocations=23 (full 3):
 PSYoungGen      total 314368K, used 310070K [0x00000000e0000000, 0x00000000f6200000, 0x0000000100000000)
  eden space 287744K, 100% used [0x00000000e0000000,0x00000000f1900000,0x00000000f1900000)
  from space 26624K, 83% used [0x00000000f1900000,0x00000000f2ecda28,0x00000000f3300000)
  to   space 28672K, 0% used [0x00000000f4600000,0x00000000f4600000,0x00000000f6200000)
 ParOldGen       total 124416K, used 58324K [0x00000000a0000000, 0x00000000a7980000, 0x00000000e0000000)
  object space 124416K, 46% used [0x00000000a0000000,0x00000000a38f50a0,0x00000000a7980000)
 Metaspace       used 86238K, capacity 89450K, committed 89600K, reserved 1126400K
  class space    used 11169K, capacity 12001K, committed 12032K, reserved 1048576K
Event: 273.620 GC heap after
Heap after GC invocations=23 (full 3):
 PSYoungGen      total 313856K, used 28656K [0x00000000e0000000, 0x00000000f9a80000, 0x0000000100000000)
  eden space 285184K, 0% used [0x00000000e0000000,0x00000000e0000000,0x00000000f1680000)
  from space 28672K, 99% used [0x00000000f4600000,0x00000000f61fc040,0x00000000f6200000)
  to   space 48640K, 0% used [0x00000000f1680000,0x00000000f1680000,0x00000000f4600000)
 ParOldGen       total 124416K, used 101835K [0x00000000a0000000, 0x00000000a7980000, 0x00000000e0000000)
  object space 124416K, 81% used [0x00000000a0000000,0x00000000a6372de8,0x00000000a7980000)
 Metaspace       used 86238K, capacity 89450K, committed 89600K, reserved 1126400K
  class space    used 11169K, capacity 12001K, committed 12032K, reserved 1048576K
}
Event: 273.620 GC heap before
{Heap before GC invocations=24 (full 4):
 PSYoungGen      total 313856K, used 28656K [0x00000000e0000000, 0x00000000f9a80000, 0x0000000100000000)
  eden space 285184K, 0% used [0x00000000e0000000,0x00000000e0000000,0x00000000f1680000)
  from space 28672K, 99% used [0x00000000f4600000,0x00000000f61fc040,0x00000000f6200000)
  to   space 48640K, 0% used [0x00000000f1680000,0x00000000f1680000,0x00000000f4600000)
 ParOldGen       total 124416K, used 101835K [0x00000000a0000000, 0x00000000a7980000, 0x00000000e0000000)
  object space 124416K, 81% used [0x00000000a0000000,0x00000000a6372de8,0x00000000a7980000)
 Metaspace       used 86238K, capacity 89450K, committed 89600K, reserved 1126400K
  class space    used 11169K, capacity 12001K, committed 12032K, reserved 1048576K
Event: 274.367 GC heap after
Heap after GC invocations=24 (full 4):
 PSYoungGen      total 313856K, used 0K [0x00000000e0000000, 0x00000000f9a80000, 0x0000000100000000)
  eden space 285184K, 0% used [0x00000000e0000000,0x00000000e0000000,0x00000000f1680000)
  from space 28672K, 0% used [0x00000000f4600000,0x00000000f4600000,0x00000000f6200000)
  to   space 48640K, 0% used [0x00000000f1680000,0x00000000f1680000,0x00000000f4600000)
 ParOldGen       total 250368K, used 115748K [0x00000000a0000000, 0x00000000af480000, 0x00000000e0000000)
  object space 250368K, 46% used [0x00000000a0000000,0x00000000a7109240,0x00000000af480000)
 Metaspace       used 86238K, capacity 89450K, committed 89600K, reserved 1126400K
  class space    used 11169K, capacity 12001K, committed 12032K, reserved 1048576K
}
Event: 284.049 GC heap before
{Heap before GC invocations=25 (full 4):
 PSYoungGen      total 313856K, used 285184K [0x00000000e0000000, 0x00000000f9a80000, 0x0000000100000000)
  eden space 285184K, 100% used [0x00000000e0000000,0x00000000f1680000,0x00000000f1680000)
  from space 28672K, 0% used [0x00000000f4600000,0x00000000f4600000,0x00000000f6200000)
  to   space 48640K, 0% used [0x00000000f1680000,0x00000000f1680000,0x00000000f4600000)
 ParOldGen       total 250368K, used 115748K [0x00000000a0000000, 0x00000000af480000, 0x00000000e0000000)
  object space 250368K, 46% used [0x00000000a0000000,0x00000000a7109240,0x00000000af480000)
 Metaspace       used 88043K, capacity 91312K, committed 91520K, reserved 1128448K
  class space    used 11283K, capacity 12130K, committed 12160K, reserved 1048576K
Event: 284.127 GC heap after
Heap after GC invocations=25 (full 4):
 PSYoungGen      total 333824K, used 36522K [0x00000000e0000000, 0x00000000fa380000, 0x0000000100000000)
  eden space 285184K, 0% used [0x00000000e0000000,0x00000000e0000000,0x00000000f1680000)
  from space 48640K, 75% used [0x00000000f1680000,0x00000000f3a2aaa0,0x00000000f4600000)
  to   space 52224K, 0% used [0x00000000f7080000,0x00000000f7080000,0x00000000fa380000)
 ParOldGen       total 250368K, used 115756K [0x00000000a0000000, 0x00000000af480000, 0x00000000e0000000)
  object space 250368K, 46% used [0x00000000a0000000,0x00000000a710b240,0x00000000af480000)
 Metaspace       used 88043K, capacity 91312K, committed 91520K, reserved 1128448K
  class space    used 11283K, capacity 12130K, committed 12160K, reserved 1048576K
}
Event: 289.849 GC heap before
{Heap before GC invocations=26 (full 4):
 PSYoungGen      total 333824K, used 321706K [0x00000000e0000000, 0x00000000fa380000, 0x0000000100000000)
  eden space 285184K, 100% used [0x00000000e0000000,0x00000000f1680000,0x00000000f1680000)
  from space 48640K, 75% used [0x00000000f1680000,0x00000000f3a2aaa0,0x00000000f4600000)
  to   space 52224K, 0% used [0x00000000f7080000,0x00000000f7080000,0x00000000fa380000)
 ParOldGen       total 250368K, used 115756K [0x00000000a0000000, 0x00000000af480000, 0x00000000e0000000)
  object space 250368K, 46% used [0x00000000a0000000,0x00000000a710b240,0x00000000af480000)
 Metaspace       used 88048K, capacity 91312K, committed 91520K, reserved 1128448K
  class space    used 11284K, capacity 12130K, committed 12160K, reserved 1048576K
Event: 289.925 GC heap after
Heap after GC invocations=26 (full 4):
 PSYoungGen      total 370176K, used 50174K [0x00000000e0000000, 0x00000000fb480000, 0x0000000100000000)
  eden space 317952K, 0% used [0x00000000e0000000,0x00000000e0000000,0x00000000f3680000)
  from space 52224K, 96% used [0x00000000f7080000,0x00000000fa17fad0,0x00000000fa380000)
  to   space 59392K, 0% used [0x00000000f3680000,0x00000000f3680000,0x00000000f7080000)
 ParOldGen       total 250368K, used 115756K [0x00000000a0000000, 0x00000000af480000, 0x00000000e0000000)
  object space 250368K, 46% used [0x00000000a0000000,0x00000000a710b240,0x00000000af480000)
 Metaspace       used 88048K, capacity 91312K, committed 91520K, reserved 1128448K
  class space    used 11284K, capacity 12130K, committed 12160K, reserved 1048576K
}
Event: 296.983 GC heap before
{Heap before GC invocations=27 (full 4):
 PSYoungGen      total 370176K, used 368126K [0x00000000e0000000, 0x00000000fb480000, 0x0000000100000000)
  eden space 317952K, 100% used [0x00000000e0000000,0x00000000f3680000,0x00000000f3680000)
  from space 52224K, 96% used [0x00000000f7080000,0x00000000fa17fad0,0x00000000fa380000)
  to   space 59392K, 0% used [0x00000000f3680000,0x00000000f3680000,0x00000000f7080000)
 ParOldGen       total 250368K, used 115756K [0x00000000a0000000, 0x00000000af480000, 0x00000000e0000000)
  object space 250368K, 46% used [0x00000000a0000000,0x00000000a710b240,0x00000000af480000)
 Metaspace       used 97180K, capacity 101082K, committed 101248K, reserved 1136640K
  class space    used 12390K, capacity 13347K, committed 13440K, reserved 1048576K
Event: 297.104 GC heap after
Heap after GC invocations=27 (full 4):
 PSYoungGen      total 377344K, used 59376K [0x00000000e0000000, 0x00000000fb480000, 0x0000000100000000)
  eden space 317952K, 0% used [0x00000000e0000000,0x00000000e0000000,0x00000000f3680000)
  from space 59392K, 99% used [0x00000000f3680000,0x00000000f707c0b8,0x00000000f7080000)
  to   space 52224K, 0% used [0x00000000f7080000,0x00000000f7080000,0x00000000fa380000)
 ParOldGen       total 250368K, used 123950K [0x00000000a0000000, 0x00000000af480000, 0x00000000e0000000)
  object space 250368K, 49% used [0x00000000a0000000,0x00000000a790bb80,0x00000000af480000)
 Metaspace       used 97180K, capacity 101082K, committed 101248K, reserved 1136640K
  class space    used 12390K, capacity 13347K, committed 13440K, reserved 1048576K
}

